time="2024-08-15T22:28:02+03:00" level=info msg="&{debug { 0.0.0.0 10000} {postgres://postgres:psql@localhost:5432/medods} {20m0s 720h0m0s} medods}" func="github.com/shynn12/medods/internal/app/apiserver.(*APIServer).Start()" file="apiserver.go:48"
time="2024-08-15T22:28:02+03:00" level=info msg="configurating Router" func="github.com/shynn12/medods/internal/app/apiserver.(*APIServer).Start()" file="apiserver.go:50"
time="2024-08-15T22:28:02+03:00" level=info msg="configurating DB" func="github.com/shynn12/medods/internal/app/apiserver.(*APIServer).Start()" file="apiserver.go:53"
time="2024-08-15T22:28:02+03:00" level=info msg="configurate JWT" func="github.com/shynn12/medods/internal/app/apiserver.(*APIServer).Start()" file="apiserver.go:72"
time="2024-08-15T22:28:02+03:00" level=info msg="configurate sender" func="github.com/shynn12/medods/internal/app/apiserver.(*APIServer).Start()" file="apiserver.go:79"
time="2024-08-15T22:28:02+03:00" level=info msg="starting API server" func="github.com/shynn12/medods/internal/app/apiserver.(*APIServer).Start()" file="apiserver.go:82"
time="2024-08-15T22:28:14+03:00" level=error msg="Token is expired" func="github.com/shynn12/medods/internal/app/apiserver.(*APIServer).handleRefresh()" file="apiserver.go:175"
time="2024-08-15T22:29:32+03:00" level=info msg="&{debug { 0.0.0.0 10000} {postgres://postgres:psql@localhost:5432/medods} {20m0s 720h0m0s} medods}" func="github.com/shynn12/medods/internal/app/apiserver.(*APIServer).Start()" file="apiserver.go:48"
time="2024-08-15T22:29:32+03:00" level=info msg="configurating Router" func="github.com/shynn12/medods/internal/app/apiserver.(*APIServer).Start()" file="apiserver.go:50"
time="2024-08-15T22:29:32+03:00" level=info msg="configurating DB" func="github.com/shynn12/medods/internal/app/apiserver.(*APIServer).Start()" file="apiserver.go:53"
time="2024-08-15T22:29:32+03:00" level=info msg="configurate JWT" func="github.com/shynn12/medods/internal/app/apiserver.(*APIServer).Start()" file="apiserver.go:72"
time="2024-08-15T22:29:32+03:00" level=info msg="configurate sender" func="github.com/shynn12/medods/internal/app/apiserver.(*APIServer).Start()" file="apiserver.go:79"
time="2024-08-15T22:29:32+03:00" level=info msg="starting API server" func="github.com/shynn12/medods/internal/app/apiserver.(*APIServer).Start()" file="apiserver.go:82"
time="2024-08-15T22:29:39+03:00" level=error msg="Token is expired" func="github.com/shynn12/medods/internal/app/apiserver.(*APIServer).handleRefresh()" file="apiserver.go:175"
time="2024-08-15T22:56:04+03:00" level=info msg="&{debug { 0.0.0.0 10000} {postgres://postgres:psql@localhost:5432/medods} {20m0s 720h0m0s} medods}" func="github.com/shynn12/medods/internal/app/apiserver.(*APIServer).Start()" file="apiserver.go:49"
time="2024-08-15T22:56:04+03:00" level=info msg="configurating Router" func="github.com/shynn12/medods/internal/app/apiserver.(*APIServer).Start()" file="apiserver.go:51"
time="2024-08-15T22:56:04+03:00" level=info msg="configurating DB" func="github.com/shynn12/medods/internal/app/apiserver.(*APIServer).Start()" file="apiserver.go:54"
time="2024-08-15T22:56:05+03:00" level=info msg="configurate JWT" func="github.com/shynn12/medods/internal/app/apiserver.(*APIServer).Start()" file="apiserver.go:73"
time="2024-08-15T22:56:05+03:00" level=info msg="configurate sender" func="github.com/shynn12/medods/internal/app/apiserver.(*APIServer).Start()" file="apiserver.go:80"
time="2024-08-15T22:56:05+03:00" level=info msg="starting API server" func="github.com/shynn12/medods/internal/app/apiserver.(*APIServer).Start()" file="apiserver.go:83"
time="2024-08-15T22:58:43+03:00" level=error msg="bcrypt: password length exceeds 72 bytes" func="github.com/shynn12/medods/internal/app/apiserver.(*APIServer).handleAuth()" file="apiserver.go:152"
time="2024-08-15T22:59:30+03:00" level=info msg="&{debug { 0.0.0.0 10000} {postgres://postgres:psql@localhost:5432/medods} {20m0s 720h0m0s} medods}" func="github.com/shynn12/medods/internal/app/apiserver.(*APIServer).Start()" file="apiserver.go:49"
time="2024-08-15T22:59:30+03:00" level=info msg="configurating Router" func="github.com/shynn12/medods/internal/app/apiserver.(*APIServer).Start()" file="apiserver.go:51"
time="2024-08-15T22:59:30+03:00" level=info msg="configurating DB" func="github.com/shynn12/medods/internal/app/apiserver.(*APIServer).Start()" file="apiserver.go:54"
time="2024-08-15T22:59:30+03:00" level=info msg="configurate JWT" func="github.com/shynn12/medods/internal/app/apiserver.(*APIServer).Start()" file="apiserver.go:73"
time="2024-08-15T22:59:30+03:00" level=info msg="configurate sender" func="github.com/shynn12/medods/internal/app/apiserver.(*APIServer).Start()" file="apiserver.go:80"
time="2024-08-15T22:59:30+03:00" level=info msg="starting API server" func="github.com/shynn12/medods/internal/app/apiserver.(*APIServer).Start()" file="apiserver.go:83"
time="2024-08-15T22:59:35+03:00" level=error msg="bcrypt: password length exceeds 72 bytes" func="github.com/shynn12/medods/internal/app/apiserver.(*APIServer).handleAuth()" file="apiserver.go:152"
time="2024-08-15T22:59:54+03:00" level=info msg="&{debug { 0.0.0.0 10000} {postgres://postgres:psql@localhost:5432/medods} {20m0s 720h0m0s} medods}" func="github.com/shynn12/medods/internal/app/apiserver.(*APIServer).Start()" file="apiserver.go:49"
time="2024-08-15T22:59:54+03:00" level=info msg="configurating Router" func="github.com/shynn12/medods/internal/app/apiserver.(*APIServer).Start()" file="apiserver.go:51"
time="2024-08-15T22:59:54+03:00" level=info msg="configurating DB" func="github.com/shynn12/medods/internal/app/apiserver.(*APIServer).Start()" file="apiserver.go:54"
time="2024-08-15T22:59:54+03:00" level=info msg="configurate JWT" func="github.com/shynn12/medods/internal/app/apiserver.(*APIServer).Start()" file="apiserver.go:73"
time="2024-08-15T22:59:54+03:00" level=info msg="configurate sender" func="github.com/shynn12/medods/internal/app/apiserver.(*APIServer).Start()" file="apiserver.go:80"
time="2024-08-15T22:59:54+03:00" level=info msg="starting API server" func="github.com/shynn12/medods/internal/app/apiserver.(*APIServer).Start()" file="apiserver.go:83"
time="2024-08-15T23:00:00+03:00" level=error msg="bcrypt: password length exceeds 72 bytes" func="github.com/shynn12/medods/internal/app/apiserver.(*APIServer).handleAuth()" file="apiserver.go:152"
time="2024-08-15T23:01:26+03:00" level=info msg="&{debug { 0.0.0.0 10000} {postgres://postgres:psql@localhost:5432/medods} {20m0s 720h0m0s} medods}" func="github.com/shynn12/medods/internal/app/apiserver.(*APIServer).Start()" file="apiserver.go:49"
time="2024-08-15T23:01:26+03:00" level=info msg="configurating Router" func="github.com/shynn12/medods/internal/app/apiserver.(*APIServer).Start()" file="apiserver.go:51"
time="2024-08-15T23:01:26+03:00" level=info msg="configurating DB" func="github.com/shynn12/medods/internal/app/apiserver.(*APIServer).Start()" file="apiserver.go:54"
time="2024-08-15T23:01:26+03:00" level=info msg="configurate JWT" func="github.com/shynn12/medods/internal/app/apiserver.(*APIServer).Start()" file="apiserver.go:73"
time="2024-08-15T23:01:26+03:00" level=info msg="configurate sender" func="github.com/shynn12/medods/internal/app/apiserver.(*APIServer).Start()" file="apiserver.go:80"
time="2024-08-15T23:01:26+03:00" level=info msg="starting API server" func="github.com/shynn12/medods/internal/app/apiserver.(*APIServer).Start()" file="apiserver.go:83"
time="2024-08-15T23:01:45+03:00" level=error msg="bcrypt: password length exceeds 72 bytes" func="github.com/shynn12/medods/internal/app/apiserver.(*APIServer).handleAuth()" file="apiserver.go:152"
time="2024-08-15T23:02:30+03:00" level=error msg="bcrypt: password length exceeds 72 bytes" func="github.com/shynn12/medods/internal/app/apiserver.(*APIServer).handleAuth()" file="apiserver.go:152"
time="2024-08-15T23:02:54+03:00" level=error msg="bcrypt: password length exceeds 72 bytes" func="github.com/shynn12/medods/internal/app/apiserver.(*APIServer).handleAuth()" file="apiserver.go:152"
time="2024-08-15T23:02:57+03:00" level=error msg="bcrypt: password length exceeds 72 bytes" func="github.com/shynn12/medods/internal/app/apiserver.(*APIServer).handleAuth()" file="apiserver.go:152"
time="2024-08-15T23:03:04+03:00" level=error msg="bcrypt: password length exceeds 72 bytes" func="github.com/shynn12/medods/internal/app/apiserver.(*APIServer).handleAuth()" file="apiserver.go:152"
time="2024-08-15T23:05:03+03:00" level=info msg="&{debug { 0.0.0.0 10000} {postgres://postgres:psql@localhost:5432/medods} {20m0s 720h0m0s} medods}" func="github.com/shynn12/medods/internal/app/apiserver.(*APIServer).Start()" file="apiserver.go:49"
time="2024-08-15T23:05:03+03:00" level=info msg="configurating Router" func="github.com/shynn12/medods/internal/app/apiserver.(*APIServer).Start()" file="apiserver.go:51"
time="2024-08-15T23:05:03+03:00" level=info msg="configurating DB" func="github.com/shynn12/medods/internal/app/apiserver.(*APIServer).Start()" file="apiserver.go:54"
time="2024-08-15T23:05:04+03:00" level=info msg="configurate JWT" func="github.com/shynn12/medods/internal/app/apiserver.(*APIServer).Start()" file="apiserver.go:73"
time="2024-08-15T23:05:04+03:00" level=info msg="configurate sender" func="github.com/shynn12/medods/internal/app/apiserver.(*APIServer).Start()" file="apiserver.go:80"
time="2024-08-15T23:05:04+03:00" level=info msg="starting API server" func="github.com/shynn12/medods/internal/app/apiserver.(*APIServer).Start()" file="apiserver.go:83"
time="2024-08-15T23:28:58+03:00" level=info msg="&{debug { 0.0.0.0 10000} {postgres://postgres:psql@localhost:5432/medods} {15m0s 720h0m0s} medods}" func="github.com/shynn12/medods/internal/app/apiserver.(*APIServer).Start()" file="apiserver.go:49"
time="2024-08-15T23:28:58+03:00" level=info msg="configurating Router" func="github.com/shynn12/medods/internal/app/apiserver.(*APIServer).Start()" file="apiserver.go:51"
time="2024-08-15T23:28:58+03:00" level=info msg="configurating DB" func="github.com/shynn12/medods/internal/app/apiserver.(*APIServer).Start()" file="apiserver.go:54"
time="2024-08-15T23:28:58+03:00" level=info msg="configurate JWT" func="github.com/shynn12/medods/internal/app/apiserver.(*APIServer).Start()" file="apiserver.go:73"
time="2024-08-15T23:28:58+03:00" level=info msg="configurate sender" func="github.com/shynn12/medods/internal/app/apiserver.(*APIServer).Start()" file="apiserver.go:80"
time="2024-08-15T23:28:58+03:00" level=info msg="starting API server" func="github.com/shynn12/medods/internal/app/apiserver.(*APIServer).Start()" file="apiserver.go:83"
time="2024-08-15T23:31:15+03:00" level=info msg="&{debug { 0.0.0.0 10000} {postgres://postgres:psql@localhost:5432/medods} {15m0s 720h0m0s} medods}" func="github.com/shynn12/medods/internal/app/apiserver.(*APIServer).Start()" file="apiserver.go:49"
time="2024-08-15T23:31:15+03:00" level=info msg="configurating Router" func="github.com/shynn12/medods/internal/app/apiserver.(*APIServer).Start()" file="apiserver.go:51"
time="2024-08-15T23:31:15+03:00" level=info msg="configurating DB" func="github.com/shynn12/medods/internal/app/apiserver.(*APIServer).Start()" file="apiserver.go:54"
time="2024-08-15T23:31:16+03:00" level=info msg="configurate JWT" func="github.com/shynn12/medods/internal/app/apiserver.(*APIServer).Start()" file="apiserver.go:73"
time="2024-08-15T23:31:16+03:00" level=info msg="configurate sender" func="github.com/shynn12/medods/internal/app/apiserver.(*APIServer).Start()" file="apiserver.go:80"
time="2024-08-15T23:31:16+03:00" level=info msg="starting API server" func="github.com/shynn12/medods/internal/app/apiserver.(*APIServer).Start()" file="apiserver.go:83"
time="2024-08-15T23:31:22+03:00" level=info func="github.com/shynn12/medods/internal/app/apiserver.(*APIServer).handleRefresh()" file="apiserver.go:178"
time="2024-08-15T23:32:25+03:00" level=info msg="&{debug { 0.0.0.0 10000} {postgres://postgres:psql@localhost:5432/medods} {15m0s 720h0m0s} medods}" func="github.com/shynn12/medods/internal/app/apiserver.(*APIServer).Start()" file="apiserver.go:49"
time="2024-08-15T23:32:25+03:00" level=info msg="configurating Router" func="github.com/shynn12/medods/internal/app/apiserver.(*APIServer).Start()" file="apiserver.go:51"
time="2024-08-15T23:32:25+03:00" level=info msg="configurating DB" func="github.com/shynn12/medods/internal/app/apiserver.(*APIServer).Start()" file="apiserver.go:54"
time="2024-08-15T23:32:25+03:00" level=info msg="configurate JWT" func="github.com/shynn12/medods/internal/app/apiserver.(*APIServer).Start()" file="apiserver.go:73"
time="2024-08-15T23:32:25+03:00" level=info msg="configurate sender" func="github.com/shynn12/medods/internal/app/apiserver.(*APIServer).Start()" file="apiserver.go:80"
time="2024-08-15T23:32:25+03:00" level=info msg="starting API server" func="github.com/shynn12/medods/internal/app/apiserver.(*APIServer).Start()" file="apiserver.go:83"
time="2024-08-15T23:32:31+03:00" level=info func="github.com/shynn12/medods/internal/app/apiserver.(*APIServer).handleRefresh()" file="apiserver.go:178"
time="2024-08-15T23:33:13+03:00" level=info msg="&{debug { 0.0.0.0 10000} {postgres://postgres:psql@localhost:5432/medods} {15m0s 720h0m0s} medods}" func="github.com/shynn12/medods/internal/app/apiserver.(*APIServer).Start()" file="apiserver.go:49"
time="2024-08-15T23:33:13+03:00" level=info msg="configurating Router" func="github.com/shynn12/medods/internal/app/apiserver.(*APIServer).Start()" file="apiserver.go:51"
time="2024-08-15T23:33:13+03:00" level=info msg="configurating DB" func="github.com/shynn12/medods/internal/app/apiserver.(*APIServer).Start()" file="apiserver.go:54"
time="2024-08-15T23:33:13+03:00" level=info msg="configurate JWT" func="github.com/shynn12/medods/internal/app/apiserver.(*APIServer).Start()" file="apiserver.go:73"
time="2024-08-15T23:33:13+03:00" level=info msg="configurate sender" func="github.com/shynn12/medods/internal/app/apiserver.(*APIServer).Start()" file="apiserver.go:80"
time="2024-08-15T23:33:13+03:00" level=info msg="starting API server" func="github.com/shynn12/medods/internal/app/apiserver.(*APIServer).Start()" file="apiserver.go:83"
time="2024-08-15T23:35:40+03:00" level=info msg="&{debug { 0.0.0.0 10000} {postgres://postgres:psql@localhost:5432/medods} {15m0s 720h0m0s} medods}" func="github.com/shynn12/medods/internal/app/apiserver.(*APIServer).Start()" file="apiserver.go:48"
time="2024-08-15T23:35:40+03:00" level=info msg="configurating Router" func="github.com/shynn12/medods/internal/app/apiserver.(*APIServer).Start()" file="apiserver.go:50"
time="2024-08-15T23:35:40+03:00" level=info msg="configurating DB" func="github.com/shynn12/medods/internal/app/apiserver.(*APIServer).Start()" file="apiserver.go:53"
time="2024-08-15T23:35:40+03:00" level=info msg="configurate JWT" func="github.com/shynn12/medods/internal/app/apiserver.(*APIServer).Start()" file="apiserver.go:72"
time="2024-08-15T23:35:40+03:00" level=info msg="configurate sender" func="github.com/shynn12/medods/internal/app/apiserver.(*APIServer).Start()" file="apiserver.go:79"
time="2024-08-15T23:35:40+03:00" level=info msg="starting API server" func="github.com/shynn12/medods/internal/app/apiserver.(*APIServer).Start()" file="apiserver.go:82"
time="2024-08-15T23:36:16+03:00" level=info msg="&{debug { 0.0.0.0 10000} {postgres://postgres:psql@localhost:5432/medods} {15m0s 720h0m0s} medods}" func="github.com/shynn12/medods/internal/app/apiserver.(*APIServer).Start()" file="apiserver.go:48"
time="2024-08-15T23:36:16+03:00" level=info msg="configurating Router" func="github.com/shynn12/medods/internal/app/apiserver.(*APIServer).Start()" file="apiserver.go:50"
time="2024-08-15T23:36:16+03:00" level=info msg="configurating DB" func="github.com/shynn12/medods/internal/app/apiserver.(*APIServer).Start()" file="apiserver.go:53"
time="2024-08-15T23:36:16+03:00" level=info msg="configurate JWT" func="github.com/shynn12/medods/internal/app/apiserver.(*APIServer).Start()" file="apiserver.go:72"
time="2024-08-15T23:36:16+03:00" level=info msg="configurate sender" func="github.com/shynn12/medods/internal/app/apiserver.(*APIServer).Start()" file="apiserver.go:79"
time="2024-08-15T23:36:16+03:00" level=info msg="starting API server" func="github.com/shynn12/medods/internal/app/apiserver.(*APIServer).Start()" file="apiserver.go:82"
time="2024-08-15T23:37:12+03:00" level=info msg="&{debug { 0.0.0.0 10000} {postgres://postgres:psql@localhost:5432/medods} {15m0s 720h0m0s} medods}" func="github.com/shynn12/medods/internal/app/apiserver.(*APIServer).Start()" file="apiserver.go:48"
time="2024-08-15T23:37:12+03:00" level=info msg="configurating Router" func="github.com/shynn12/medods/internal/app/apiserver.(*APIServer).Start()" file="apiserver.go:50"
time="2024-08-15T23:37:12+03:00" level=info msg="configurating DB" func="github.com/shynn12/medods/internal/app/apiserver.(*APIServer).Start()" file="apiserver.go:53"
time="2024-08-15T23:37:12+03:00" level=info msg="configurate JWT" func="github.com/shynn12/medods/internal/app/apiserver.(*APIServer).Start()" file="apiserver.go:72"
time="2024-08-15T23:37:12+03:00" level=info msg="configurate sender" func="github.com/shynn12/medods/internal/app/apiserver.(*APIServer).Start()" file="apiserver.go:79"
time="2024-08-15T23:37:12+03:00" level=info msg="starting API server" func="github.com/shynn12/medods/internal/app/apiserver.(*APIServer).Start()" file="apiserver.go:82"
time="2024-08-15T23:40:24+03:00" level=info msg="&{debug { 0.0.0.0 10000} {postgres://postgres:psql@localhost:5432/medods} {15m0s 720h0m0s} medods}" func="github.com/shynn12/medods/internal/app/apiserver.(*APIServer).Start()" file="apiserver.go:48"
time="2024-08-15T23:40:24+03:00" level=info msg="configurating Router" func="github.com/shynn12/medods/internal/app/apiserver.(*APIServer).Start()" file="apiserver.go:50"
time="2024-08-15T23:40:24+03:00" level=info msg="configurating DB" func="github.com/shynn12/medods/internal/app/apiserver.(*APIServer).Start()" file="apiserver.go:53"
time="2024-08-15T23:40:24+03:00" level=info msg="configurate JWT" func="github.com/shynn12/medods/internal/app/apiserver.(*APIServer).Start()" file="apiserver.go:72"
time="2024-08-15T23:40:24+03:00" level=info msg="configurate sender" func="github.com/shynn12/medods/internal/app/apiserver.(*APIServer).Start()" file="apiserver.go:79"
time="2024-08-15T23:40:24+03:00" level=info msg="starting API server" func="github.com/shynn12/medods/internal/app/apiserver.(*APIServer).Start()" file="apiserver.go:82"
time="2024-08-15T23:40:58+03:00" level=info msg="&{debug { 0.0.0.0 10000} {postgres://postgres:psql@localhost:5432/medods} {15m0s 720h0m0s} medods}" func="github.com/shynn12/medods/internal/app/apiserver.(*APIServer).Start()" file="apiserver.go:48"
time="2024-08-15T23:40:58+03:00" level=info msg="configurating Router" func="github.com/shynn12/medods/internal/app/apiserver.(*APIServer).Start()" file="apiserver.go:50"
time="2024-08-15T23:40:58+03:00" level=info msg="configurating DB" func="github.com/shynn12/medods/internal/app/apiserver.(*APIServer).Start()" file="apiserver.go:53"
time="2024-08-15T23:40:58+03:00" level=info msg="configurate JWT" func="github.com/shynn12/medods/internal/app/apiserver.(*APIServer).Start()" file="apiserver.go:72"
time="2024-08-15T23:40:58+03:00" level=info msg="configurate sender" func="github.com/shynn12/medods/internal/app/apiserver.(*APIServer).Start()" file="apiserver.go:79"
time="2024-08-15T23:40:58+03:00" level=info msg="starting API server" func="github.com/shynn12/medods/internal/app/apiserver.(*APIServer).Start()" file="apiserver.go:82"
time="2024-08-15T23:41:03+03:00" level=info func="github.com/shynn12/medods/internal/app/apiserver.(*APIServer).handleRefresh()" file="apiserver.go:179"
time="2024-08-15T23:43:03+03:00" level=info msg="&{debug { 0.0.0.0 10000} {postgres://postgres:psql@localhost:5432/medods} {15m0s 720h0m0s} medods}" func="github.com/shynn12/medods/internal/app/apiserver.(*APIServer).Start()" file="apiserver.go:49"
time="2024-08-15T23:43:03+03:00" level=info msg="configurating Router" func="github.com/shynn12/medods/internal/app/apiserver.(*APIServer).Start()" file="apiserver.go:51"
time="2024-08-15T23:43:03+03:00" level=info msg="configurating DB" func="github.com/shynn12/medods/internal/app/apiserver.(*APIServer).Start()" file="apiserver.go:54"
time="2024-08-15T23:43:03+03:00" level=info msg="configurate JWT" func="github.com/shynn12/medods/internal/app/apiserver.(*APIServer).Start()" file="apiserver.go:73"
time="2024-08-15T23:43:03+03:00" level=info msg="configurate sender" func="github.com/shynn12/medods/internal/app/apiserver.(*APIServer).Start()" file="apiserver.go:80"
time="2024-08-15T23:43:03+03:00" level=info msg="starting API server" func="github.com/shynn12/medods/internal/app/apiserver.(*APIServer).Start()" file="apiserver.go:83"
time="2024-08-15T23:43:08+03:00" level=info msg="new IP detected" func="github.com/shynn12/medods/internal/app/apiserver.(*APIServer).handleRefresh()" file="apiserver.go:210"
time="2024-08-15T23:56:27+03:00" level=info msg="&{debug { 0.0.0.0 10000} {postgres://postgres:psql@localhost:5432/medods} {15m0s 720h0m0s} medods}" func="github.com/shynn12/medods/internal/app/apiserver.(*APIServer).Start()" file="apiserver.go:49"
time="2024-08-15T23:56:27+03:00" level=info msg="configurating Router" func="github.com/shynn12/medods/internal/app/apiserver.(*APIServer).Start()" file="apiserver.go:51"
time="2024-08-15T23:56:27+03:00" level=info msg="configurating DB" func="github.com/shynn12/medods/internal/app/apiserver.(*APIServer).Start()" file="apiserver.go:54"
time="2024-08-15T23:56:28+03:00" level=info msg="configurate JWT" func="github.com/shynn12/medods/internal/app/apiserver.(*APIServer).Start()" file="apiserver.go:73"
time="2024-08-15T23:56:28+03:00" level=info msg="configurate sender" func="github.com/shynn12/medods/internal/app/apiserver.(*APIServer).Start()" file="apiserver.go:80"
time="2024-08-15T23:56:28+03:00" level=info msg="starting API server" func="github.com/shynn12/medods/internal/app/apiserver.(*APIServer).Start()" file="apiserver.go:83"
time="2024-08-15T23:56:39+03:00" level=error msg="no such uid in the db" func="github.com/shynn12/medods/internal/app/apiserver.(*APIServer).handleAuth()" file="apiserver.go:152"
time="2024-08-15T23:56:54+03:00" level=error msg="no such uid in the db" func="github.com/shynn12/medods/internal/app/apiserver.(*APIServer).handleAuth()" file="apiserver.go:152"
time="2024-08-15T23:59:43+03:00" level=error msg="no such uid in the db" func="github.com/shynn12/medods/internal/app/apiserver.(*APIServer).handleAuth()" file="apiserver.go:152"
time="2024-08-16T00:00:18+03:00" level=error msg="no such uid in the db" func="github.com/shynn12/medods/internal/app/apiserver.(*APIServer).handleAuth()" file="apiserver.go:152"
time="2024-08-16T00:01:09+03:00" level=info msg="&{debug { 0.0.0.0 10000} {postgres://postgres:psql@localhost:5432/medods} {15m0s 720h0m0s} medods}" func="github.com/shynn12/medods/internal/app/apiserver.(*APIServer).Start()" file="apiserver.go:49"
time="2024-08-16T00:01:09+03:00" level=info msg="configurating Router" func="github.com/shynn12/medods/internal/app/apiserver.(*APIServer).Start()" file="apiserver.go:51"
time="2024-08-16T00:01:09+03:00" level=info msg="configurating DB" func="github.com/shynn12/medods/internal/app/apiserver.(*APIServer).Start()" file="apiserver.go:54"
time="2024-08-16T00:01:09+03:00" level=error msg="ОШИБКА: INSERT содержит больше выражений, чем целевых столбцов (SQLSTATE 42601)" func="github.com/shynn12/medods/internal/app/apiserver.(*APIServer).Start()" file="apiserver.go:61"
time="2024-08-16T00:01:09+03:00" level=error msg="ОШИБКА: INSERT содержит больше выражений, чем целевых столбцов (SQLSTATE 42601)" func="github.com/shynn12/medods/internal/app/apiserver.(*APIServer).Start()" file="apiserver.go:65"
time="2024-08-16T00:01:09+03:00" level=error msg="ОШИБКА: INSERT содержит больше выражений, чем целевых столбцов (SQLSTATE 42601)" func="github.com/shynn12/medods/internal/app/apiserver.(*APIServer).Start()" file="apiserver.go:69"
time="2024-08-16T00:01:09+03:00" level=info msg="configurate JWT" func="github.com/shynn12/medods/internal/app/apiserver.(*APIServer).Start()" file="apiserver.go:73"
time="2024-08-16T00:01:09+03:00" level=info msg="configurate sender" func="github.com/shynn12/medods/internal/app/apiserver.(*APIServer).Start()" file="apiserver.go:80"
time="2024-08-16T00:01:09+03:00" level=info msg="starting API server" func="github.com/shynn12/medods/internal/app/apiserver.(*APIServer).Start()" file="apiserver.go:83"
time="2024-08-16T00:01:40+03:00" level=info msg="&{debug { 0.0.0.0 10000} {postgres://postgres:psql@localhost:5432/medods} {15m0s 720h0m0s} medods}" func="github.com/shynn12/medods/internal/app/apiserver.(*APIServer).Start()" file="apiserver.go:49"
time="2024-08-16T00:01:40+03:00" level=info msg="configurating Router" func="github.com/shynn12/medods/internal/app/apiserver.(*APIServer).Start()" file="apiserver.go:51"
time="2024-08-16T00:01:40+03:00" level=info msg="configurating DB" func="github.com/shynn12/medods/internal/app/apiserver.(*APIServer).Start()" file="apiserver.go:54"
time="2024-08-16T00:01:40+03:00" level=error msg="ОШИБКА: INSERT содержит больше выражений, чем целевых столбцов (SQLSTATE 42601)" func="github.com/shynn12/medods/internal/app/apiserver.(*APIServer).Start()" file="apiserver.go:61"
time="2024-08-16T00:01:40+03:00" level=error msg="ОШИБКА: INSERT содержит больше выражений, чем целевых столбцов (SQLSTATE 42601)" func="github.com/shynn12/medods/internal/app/apiserver.(*APIServer).Start()" file="apiserver.go:65"
time="2024-08-16T00:01:40+03:00" level=error msg="ОШИБКА: INSERT содержит больше выражений, чем целевых столбцов (SQLSTATE 42601)" func="github.com/shynn12/medods/internal/app/apiserver.(*APIServer).Start()" file="apiserver.go:69"
time="2024-08-16T00:01:40+03:00" level=info msg="configurate JWT" func="github.com/shynn12/medods/internal/app/apiserver.(*APIServer).Start()" file="apiserver.go:73"
time="2024-08-16T00:01:40+03:00" level=info msg="configurate sender" func="github.com/shynn12/medods/internal/app/apiserver.(*APIServer).Start()" file="apiserver.go:80"
time="2024-08-16T00:01:40+03:00" level=info msg="starting API server" func="github.com/shynn12/medods/internal/app/apiserver.(*APIServer).Start()" file="apiserver.go:83"
time="2024-08-16T00:09:53+03:00" level=info msg="&{debug { 0.0.0.0 10000} {postgres://postgres:psql@localhost:5432/medods} {15m0s 720h0m0s} medods}" func="github.com/shynn12/medods/internal/app/apiserver.(*APIServer).Start()" file="apiserver.go:49"
time="2024-08-16T00:09:53+03:00" level=info msg="configurating Router" func="github.com/shynn12/medods/internal/app/apiserver.(*APIServer).Start()" file="apiserver.go:51"
time="2024-08-16T00:09:53+03:00" level=info msg="configurating DB" func="github.com/shynn12/medods/internal/app/apiserver.(*APIServer).Start()" file="apiserver.go:54"
time="2024-08-16T00:09:53+03:00" level=info msg="configurate JWT" func="github.com/shynn12/medods/internal/app/apiserver.(*APIServer).Start()" file="apiserver.go:73"
time="2024-08-16T00:09:53+03:00" level=info msg="configurate sender" func="github.com/shynn12/medods/internal/app/apiserver.(*APIServer).Start()" file="apiserver.go:80"
time="2024-08-16T00:09:53+03:00" level=info msg="starting API server" func="github.com/shynn12/medods/internal/app/apiserver.(*APIServer).Start()" file="apiserver.go:83"
time="2024-08-16T00:10:15+03:00" level=info msg="&{debug { 0.0.0.0 10000} {postgres://postgres:psql@localhost:5432/medods} {15m0s 720h0m0s} medods}" func="github.com/shynn12/medods/internal/app/apiserver.(*APIServer).Start()" file="apiserver.go:49"
time="2024-08-16T00:10:15+03:00" level=info msg="configurating Router" func="github.com/shynn12/medods/internal/app/apiserver.(*APIServer).Start()" file="apiserver.go:51"
time="2024-08-16T00:10:15+03:00" level=info msg="configurating DB" func="github.com/shynn12/medods/internal/app/apiserver.(*APIServer).Start()" file="apiserver.go:54"
time="2024-08-16T00:10:15+03:00" level=info msg="configurate JWT" func="github.com/shynn12/medods/internal/app/apiserver.(*APIServer).Start()" file="apiserver.go:73"
time="2024-08-16T00:10:15+03:00" level=info msg="configurate sender" func="github.com/shynn12/medods/internal/app/apiserver.(*APIServer).Start()" file="apiserver.go:80"
time="2024-08-16T00:10:15+03:00" level=info msg="starting API server" func="github.com/shynn12/medods/internal/app/apiserver.(*APIServer).Start()" file="apiserver.go:83"
time="2024-08-16T00:10:36+03:00" level=error msg="no such uid in the db" func="github.com/shynn12/medods/internal/app/apiserver.(*APIServer).handleAuth()" file="apiserver.go:153"
time="2024-08-16T00:11:09+03:00" level=error msg="no such uid in the db" func="github.com/shynn12/medods/internal/app/apiserver.(*APIServer).handleAuth()" file="apiserver.go:153"
time="2024-08-16T00:11:22+03:00" level=error msg="no such uid in the db" func="github.com/shynn12/medods/internal/app/apiserver.(*APIServer).handleAuth()" file="apiserver.go:153"
time="2024-08-16T00:19:40+03:00" level=info msg="&{debug { 0.0.0.0 10000} {postgres://postgres:psql@localhost:5432/medods} {15m0s 720h0m0s} medods}" func="github.com/shynn12/medods/internal/app/apiserver.(*APIServer).Start()" file="apiserver.go:49"
time="2024-08-16T00:19:40+03:00" level=info msg="configurating Router" func="github.com/shynn12/medods/internal/app/apiserver.(*APIServer).Start()" file="apiserver.go:51"
time="2024-08-16T00:19:40+03:00" level=info msg="configurating DB" func="github.com/shynn12/medods/internal/app/apiserver.(*APIServer).Start()" file="apiserver.go:54"
time="2024-08-16T00:19:40+03:00" level=info msg="configurate JWT" func="github.com/shynn12/medods/internal/app/apiserver.(*APIServer).Start()" file="apiserver.go:73"
time="2024-08-16T00:19:40+03:00" level=info msg="configurate sender" func="github.com/shynn12/medods/internal/app/apiserver.(*APIServer).Start()" file="apiserver.go:80"
time="2024-08-16T00:19:40+03:00" level=info msg="starting API server" func="github.com/shynn12/medods/internal/app/apiserver.(*APIServer).Start()" file="apiserver.go:83"
time="2024-08-16T00:19:45+03:00" level=error msg="no such uid in the db" func="github.com/shynn12/medods/internal/app/apiserver.(*APIServer).handleAuth()" file="apiserver.go:153"
time="2024-08-16T00:22:21+03:00" level=info msg="&{debug { 0.0.0.0 10000} {postgres://postgres:psql@localhost:5432/medods} {15m0s 720h0m0s} medods}" func="github.com/shynn12/medods/internal/app/apiserver.(*APIServer).Start()" file="apiserver.go:49"
time="2024-08-16T00:22:21+03:00" level=info msg="configurating Router" func="github.com/shynn12/medods/internal/app/apiserver.(*APIServer).Start()" file="apiserver.go:51"
time="2024-08-16T00:22:21+03:00" level=info msg="configurating DB" func="github.com/shynn12/medods/internal/app/apiserver.(*APIServer).Start()" file="apiserver.go:54"
time="2024-08-16T00:22:21+03:00" level=info msg="configurate JWT" func="github.com/shynn12/medods/internal/app/apiserver.(*APIServer).Start()" file="apiserver.go:73"
time="2024-08-16T00:22:21+03:00" level=info msg="configurate sender" func="github.com/shynn12/medods/internal/app/apiserver.(*APIServer).Start()" file="apiserver.go:80"
time="2024-08-16T00:22:21+03:00" level=info msg="starting API server" func="github.com/shynn12/medods/internal/app/apiserver.(*APIServer).Start()" file="apiserver.go:83"
time="2024-08-16T00:22:29+03:00" level=error msg="no such uid in the db" func="github.com/shynn12/medods/internal/app/apiserver.(*APIServer).handleAuth()" file="apiserver.go:153"
time="2024-08-16T00:24:33+03:00" level=info msg="&{debug { 0.0.0.0 10000} {postgres://postgres:psql@localhost:5432/medods} {15m0s 720h0m0s} medods}" func="github.com/shynn12/medods/internal/app/apiserver.(*APIServer).Start()" file="apiserver.go:49"
time="2024-08-16T00:24:33+03:00" level=info msg="configurating Router" func="github.com/shynn12/medods/internal/app/apiserver.(*APIServer).Start()" file="apiserver.go:51"
time="2024-08-16T00:24:33+03:00" level=info msg="configurating DB" func="github.com/shynn12/medods/internal/app/apiserver.(*APIServer).Start()" file="apiserver.go:54"
time="2024-08-16T00:24:33+03:00" level=info msg="configurate JWT" func="github.com/shynn12/medods/internal/app/apiserver.(*APIServer).Start()" file="apiserver.go:73"
time="2024-08-16T00:24:33+03:00" level=info msg="configurate sender" func="github.com/shynn12/medods/internal/app/apiserver.(*APIServer).Start()" file="apiserver.go:80"
time="2024-08-16T00:24:33+03:00" level=info msg="starting API server" func="github.com/shynn12/medods/internal/app/apiserver.(*APIServer).Start()" file="apiserver.go:83"
time="2024-08-16T00:24:43+03:00" level=error msg="no such uid in the db" func="github.com/shynn12/medods/internal/app/apiserver.(*APIServer).handleAuth()" file="apiserver.go:153"
time="2024-08-16T00:25:44+03:00" level=info msg="&{debug { 0.0.0.0 10000} {postgres://postgres:psql@localhost:5432/medods} {15m0s 720h0m0s} medods}" func="github.com/shynn12/medods/internal/app/apiserver.(*APIServer).Start()" file="apiserver.go:49"
time="2024-08-16T00:25:44+03:00" level=info msg="configurating Router" func="github.com/shynn12/medods/internal/app/apiserver.(*APIServer).Start()" file="apiserver.go:51"
time="2024-08-16T00:25:44+03:00" level=info msg="configurating DB" func="github.com/shynn12/medods/internal/app/apiserver.(*APIServer).Start()" file="apiserver.go:54"
time="2024-08-16T00:25:44+03:00" level=info msg="configurate JWT" func="github.com/shynn12/medods/internal/app/apiserver.(*APIServer).Start()" file="apiserver.go:73"
time="2024-08-16T00:25:44+03:00" level=info msg="configurate sender" func="github.com/shynn12/medods/internal/app/apiserver.(*APIServer).Start()" file="apiserver.go:80"
time="2024-08-16T00:25:44+03:00" level=info msg="starting API server" func="github.com/shynn12/medods/internal/app/apiserver.(*APIServer).Start()" file="apiserver.go:83"
time="2024-08-16T00:25:55+03:00" level=error msg="no such uid in the db" func="github.com/shynn12/medods/internal/app/apiserver.(*APIServer).handleAuth()" file="apiserver.go:153"
time="2024-08-16T00:26:03+03:00" level=info msg="&{debug { 0.0.0.0 10000} {postgres://postgres:psql@localhost:5432/medods} {15m0s 720h0m0s} medods}" func="github.com/shynn12/medods/internal/app/apiserver.(*APIServer).Start()" file="apiserver.go:49"
time="2024-08-16T00:26:03+03:00" level=info msg="configurating Router" func="github.com/shynn12/medods/internal/app/apiserver.(*APIServer).Start()" file="apiserver.go:51"
time="2024-08-16T00:26:03+03:00" level=info msg="configurating DB" func="github.com/shynn12/medods/internal/app/apiserver.(*APIServer).Start()" file="apiserver.go:54"
time="2024-08-16T00:26:04+03:00" level=info msg="configurate JWT" func="github.com/shynn12/medods/internal/app/apiserver.(*APIServer).Start()" file="apiserver.go:73"
time="2024-08-16T00:26:04+03:00" level=info msg="configurate sender" func="github.com/shynn12/medods/internal/app/apiserver.(*APIServer).Start()" file="apiserver.go:80"
time="2024-08-16T00:26:04+03:00" level=info msg="starting API server" func="github.com/shynn12/medods/internal/app/apiserver.(*APIServer).Start()" file="apiserver.go:83"
time="2024-08-16T00:26:13+03:00" level=error msg="no such uid in the db" func="github.com/shynn12/medods/internal/app/apiserver.(*APIServer).handleAuth()" file="apiserver.go:153"
time="2024-08-16T00:28:37+03:00" level=info msg="&{debug { 0.0.0.0 10000} {postgres://postgres:psql@localhost:5432/medods} {15m0s 720h0m0s} medods}" func="github.com/shynn12/medods/internal/app/apiserver.(*APIServer).Start()" file="apiserver.go:49"
time="2024-08-16T00:28:37+03:00" level=info msg="configurating Router" func="github.com/shynn12/medods/internal/app/apiserver.(*APIServer).Start()" file="apiserver.go:51"
time="2024-08-16T00:28:37+03:00" level=info msg="configurating DB" func="github.com/shynn12/medods/internal/app/apiserver.(*APIServer).Start()" file="apiserver.go:54"
time="2024-08-16T00:28:37+03:00" level=info msg="configurate JWT" func="github.com/shynn12/medods/internal/app/apiserver.(*APIServer).Start()" file="apiserver.go:73"
time="2024-08-16T00:28:37+03:00" level=info msg="configurate sender" func="github.com/shynn12/medods/internal/app/apiserver.(*APIServer).Start()" file="apiserver.go:80"
time="2024-08-16T00:28:37+03:00" level=info msg="starting API server" func="github.com/shynn12/medods/internal/app/apiserver.(*APIServer).Start()" file="apiserver.go:83"
time="2024-08-16T00:28:42+03:00" level=error msg="no such uid in the db" func="github.com/shynn12/medods/internal/app/apiserver.(*APIServer).handleAuth()" file="apiserver.go:153"
time="2024-08-16T00:29:12+03:00" level=info msg="&{debug { 0.0.0.0 10000} {postgres://postgres:psql@localhost:5432/medods} {15m0s 720h0m0s} medods}" func="github.com/shynn12/medods/internal/app/apiserver.(*APIServer).Start()" file="apiserver.go:49"
time="2024-08-16T00:29:12+03:00" level=info msg="configurating Router" func="github.com/shynn12/medods/internal/app/apiserver.(*APIServer).Start()" file="apiserver.go:51"
time="2024-08-16T00:29:12+03:00" level=info msg="configurating DB" func="github.com/shynn12/medods/internal/app/apiserver.(*APIServer).Start()" file="apiserver.go:54"
time="2024-08-16T00:29:13+03:00" level=info msg="configurate JWT" func="github.com/shynn12/medods/internal/app/apiserver.(*APIServer).Start()" file="apiserver.go:73"
time="2024-08-16T00:29:13+03:00" level=info msg="configurate sender" func="github.com/shynn12/medods/internal/app/apiserver.(*APIServer).Start()" file="apiserver.go:80"
time="2024-08-16T00:29:13+03:00" level=info msg="starting API server" func="github.com/shynn12/medods/internal/app/apiserver.(*APIServer).Start()" file="apiserver.go:83"
time="2024-08-16T00:29:18+03:00" level=error msg="no such uid in the db" func="github.com/shynn12/medods/internal/app/apiserver.(*APIServer).handleAuth()" file="apiserver.go:153"
time="2024-08-16T00:44:02+03:00" level=error msg="no such uid in the db" func="github.com/shynn12/medods/internal/app/apiserver.(*APIServer).handleAuth()" file="apiserver.go:153"
time="2024-08-16T00:44:15+03:00" level=info msg="&{debug { 0.0.0.0 10000} {postgres://postgres:psql@localhost:5432/medods1} {15m0s 720h0m0s} medods}" func="github.com/shynn12/medods/internal/app/apiserver.(*APIServer).Start()" file="apiserver.go:49"
time="2024-08-16T00:44:15+03:00" level=info msg="configurating Router" func="github.com/shynn12/medods/internal/app/apiserver.(*APIServer).Start()" file="apiserver.go:51"
time="2024-08-16T00:44:15+03:00" level=info msg="configurating DB" func="github.com/shynn12/medods/internal/app/apiserver.(*APIServer).Start()" file="apiserver.go:54"
time="2024-08-16T00:44:15+03:00" level=info msg="configurate JWT" func="github.com/shynn12/medods/internal/app/apiserver.(*APIServer).Start()" file="apiserver.go:73"
time="2024-08-16T00:44:15+03:00" level=info msg="configurate sender" func="github.com/shynn12/medods/internal/app/apiserver.(*APIServer).Start()" file="apiserver.go:80"
time="2024-08-16T00:44:15+03:00" level=info msg="starting API server" func="github.com/shynn12/medods/internal/app/apiserver.(*APIServer).Start()" file="apiserver.go:83"
time="2024-08-16T00:44:20+03:00" level=error msg="no such uid in the db" func="github.com/shynn12/medods/internal/app/apiserver.(*APIServer).handleAuth()" file="apiserver.go:153"
time="2024-08-16T00:45:36+03:00" level=info msg="&{debug { 0.0.0.0 10000} {postgres://postgres:psql@localhost:5432/medods1} {15m0s 720h0m0s} medods}" func="github.com/shynn12/medods/internal/app/apiserver.(*APIServer).Start()" file="apiserver.go:49"
time="2024-08-16T00:45:36+03:00" level=info msg="configurating Router" func="github.com/shynn12/medods/internal/app/apiserver.(*APIServer).Start()" file="apiserver.go:51"
time="2024-08-16T00:45:36+03:00" level=info msg="configurating DB" func="github.com/shynn12/medods/internal/app/apiserver.(*APIServer).Start()" file="apiserver.go:54"
time="2024-08-16T00:45:36+03:00" level=info msg="configurate JWT" func="github.com/shynn12/medods/internal/app/apiserver.(*APIServer).Start()" file="apiserver.go:73"
time="2024-08-16T00:45:36+03:00" level=info msg="configurate sender" func="github.com/shynn12/medods/internal/app/apiserver.(*APIServer).Start()" file="apiserver.go:80"
time="2024-08-16T00:45:36+03:00" level=info msg="starting API server" func="github.com/shynn12/medods/internal/app/apiserver.(*APIServer).Start()" file="apiserver.go:83"
time="2024-08-16T00:45:41+03:00" level=error msg="no such uid in the db" func="github.com/shynn12/medods/internal/app/apiserver.(*APIServer).handleAuth()" file="apiserver.go:153"
time="2024-08-16T00:46:35+03:00" level=info msg="&{debug { 0.0.0.0 10000} {postgres://postgres:psql@localhost:5432/medods1} {15m0s 720h0m0s} medods}" func="github.com/shynn12/medods/internal/app/apiserver.(*APIServer).Start()" file="apiserver.go:49"
time="2024-08-16T00:46:35+03:00" level=info msg="configurating Router" func="github.com/shynn12/medods/internal/app/apiserver.(*APIServer).Start()" file="apiserver.go:51"
time="2024-08-16T00:46:35+03:00" level=info msg="configurating DB" func="github.com/shynn12/medods/internal/app/apiserver.(*APIServer).Start()" file="apiserver.go:54"
time="2024-08-16T00:46:35+03:00" level=info msg="configurate JWT" func="github.com/shynn12/medods/internal/app/apiserver.(*APIServer).Start()" file="apiserver.go:73"
time="2024-08-16T00:46:35+03:00" level=info msg="configurate sender" func="github.com/shynn12/medods/internal/app/apiserver.(*APIServer).Start()" file="apiserver.go:80"
time="2024-08-16T00:46:35+03:00" level=info msg="starting API server" func="github.com/shynn12/medods/internal/app/apiserver.(*APIServer).Start()" file="apiserver.go:83"
time="2024-08-16T00:46:45+03:00" level=error msg="no such uid in the db" func="github.com/shynn12/medods/internal/app/apiserver.(*APIServer).handleAuth()" file="apiserver.go:153"
time="2024-08-16T01:00:50+03:00" level=info msg="&{debug { 0.0.0.0 10000} {postgres://postgres:psql@localhost:5432/medods1} {15m0s 720h0m0s} medods}" func="github.com/shynn12/medods/internal/app/apiserver.(*APIServer).Start()" file="apiserver.go:49"
time="2024-08-16T01:00:50+03:00" level=info msg="configurating Router" func="github.com/shynn12/medods/internal/app/apiserver.(*APIServer).Start()" file="apiserver.go:51"
time="2024-08-16T01:00:50+03:00" level=info msg="configurating DB" func="github.com/shynn12/medods/internal/app/apiserver.(*APIServer).Start()" file="apiserver.go:54"
time="2024-08-16T01:00:51+03:00" level=info msg="configurate JWT" func="github.com/shynn12/medods/internal/app/apiserver.(*APIServer).Start()" file="apiserver.go:73"
time="2024-08-16T01:00:51+03:00" level=info msg="configurate sender" func="github.com/shynn12/medods/internal/app/apiserver.(*APIServer).Start()" file="apiserver.go:80"
time="2024-08-16T01:00:51+03:00" level=info msg="starting API server" func="github.com/shynn12/medods/internal/app/apiserver.(*APIServer).Start()" file="apiserver.go:83"
time="2024-08-16T01:01:01+03:00" level=error msg="no such uid in the db" func="github.com/shynn12/medods/internal/app/apiserver.(*APIServer).handleAuth()" file="apiserver.go:153"
time="2024-08-16T01:04:53+03:00" level=info msg="&{debug { 0.0.0.0 10000} {postgres://postgres:psql@localhost:5432/medods1} {15m0s 720h0m0s} medods}" func="github.com/shynn12/medods/internal/app/apiserver.(*APIServer).Start()" file="apiserver.go:48"
time="2024-08-16T01:04:53+03:00" level=info msg="configurating Router" func="github.com/shynn12/medods/internal/app/apiserver.(*APIServer).Start()" file="apiserver.go:50"
time="2024-08-16T01:04:53+03:00" level=info msg="configurating DB" func="github.com/shynn12/medods/internal/app/apiserver.(*APIServer).Start()" file="apiserver.go:53"
time="2024-08-16T01:04:54+03:00" level=info msg="configurate JWT" func="github.com/shynn12/medods/internal/app/apiserver.(*APIServer).Start()" file="apiserver.go:72"
time="2024-08-16T01:04:54+03:00" level=info msg="configurate sender" func="github.com/shynn12/medods/internal/app/apiserver.(*APIServer).Start()" file="apiserver.go:79"
time="2024-08-16T01:04:54+03:00" level=info msg="starting API server" func="github.com/shynn12/medods/internal/app/apiserver.(*APIServer).Start()" file="apiserver.go:82"
time="2024-08-16T01:05:04+03:00" level=fatal msg="closed pool" func="github.com/shynn12/medods/internal/app/apiserver.(*APIServer).handleHello()" file="apiserver.go:123"
time="2024-08-16T01:06:24+03:00" level=info msg="&{debug { 0.0.0.0 10000} {postgres://postgres:psql@localhost:5432/medods1} {15m0s 720h0m0s} medods}" func="github.com/shynn12/medods/internal/app/apiserver.(*APIServer).Start()" file="apiserver.go:48"
time="2024-08-16T01:06:24+03:00" level=info msg="configurating Router" func="github.com/shynn12/medods/internal/app/apiserver.(*APIServer).Start()" file="apiserver.go:50"
time="2024-08-16T01:06:24+03:00" level=info msg="configurating DB" func="github.com/shynn12/medods/internal/app/apiserver.(*APIServer).Start()" file="apiserver.go:53"
time="2024-08-16T01:06:24+03:00" level=info msg="configurate JWT" func="github.com/shynn12/medods/internal/app/apiserver.(*APIServer).Start()" file="apiserver.go:72"
time="2024-08-16T01:06:24+03:00" level=info msg="configurate sender" func="github.com/shynn12/medods/internal/app/apiserver.(*APIServer).Start()" file="apiserver.go:79"
time="2024-08-16T01:06:24+03:00" level=info msg="starting API server" func="github.com/shynn12/medods/internal/app/apiserver.(*APIServer).Start()" file="apiserver.go:82"
time="2024-08-16T01:14:37+03:00" level=error msg="refresh token expired" func="github.com/shynn12/medods/internal/app/apiserver.(*APIServer).handleRefresh()" file="apiserver.go:196"
time="2024-08-16T01:14:58+03:00" level=error msg="refresh token expired" func="github.com/shynn12/medods/internal/app/apiserver.(*APIServer).handleRefresh()" file="apiserver.go:196"
time="2024-08-16T01:15:14+03:00" level=info msg="&{debug { 0.0.0.0 10000} {postgres://postgres:psql@localhost:5432/medods1} {15m0s 720h0m0s} medods}" func="github.com/shynn12/medods/internal/app/apiserver.(*APIServer).Start()" file="apiserver.go:49"
time="2024-08-16T01:15:14+03:00" level=info msg="configurating Router" func="github.com/shynn12/medods/internal/app/apiserver.(*APIServer).Start()" file="apiserver.go:51"
time="2024-08-16T01:15:14+03:00" level=info msg="configurating DB" func="github.com/shynn12/medods/internal/app/apiserver.(*APIServer).Start()" file="apiserver.go:54"
time="2024-08-16T01:15:14+03:00" level=info msg="configurate JWT" func="github.com/shynn12/medods/internal/app/apiserver.(*APIServer).Start()" file="apiserver.go:76"
time="2024-08-16T01:15:14+03:00" level=info msg="configurate sender" func="github.com/shynn12/medods/internal/app/apiserver.(*APIServer).Start()" file="apiserver.go:83"
time="2024-08-16T01:15:14+03:00" level=info msg="starting API server" func="github.com/shynn12/medods/internal/app/apiserver.(*APIServer).Start()" file="apiserver.go:86"
time="2024-08-16T01:15:19+03:00" level=error msg="refresh token expired" func="github.com/shynn12/medods/internal/app/apiserver.(*APIServer).handleRefresh()" file="apiserver.go:200"
time="2024-08-16T01:15:41+03:00" level=info msg="&{debug { 0.0.0.0 10000} {postgres://postgres:psql@localhost:5432/medods1} {15m0s 720h0m0s} medods}" func="github.com/shynn12/medods/internal/app/apiserver.(*APIServer).Start()" file="apiserver.go:49"
time="2024-08-16T01:15:41+03:00" level=info msg="configurating Router" func="github.com/shynn12/medods/internal/app/apiserver.(*APIServer).Start()" file="apiserver.go:51"
time="2024-08-16T01:15:41+03:00" level=info msg="configurating DB" func="github.com/shynn12/medods/internal/app/apiserver.(*APIServer).Start()" file="apiserver.go:54"
time="2024-08-16T01:15:41+03:00" level=info msg="configurate JWT" func="github.com/shynn12/medods/internal/app/apiserver.(*APIServer).Start()" file="apiserver.go:76"
time="2024-08-16T01:15:41+03:00" level=info msg="configurate sender" func="github.com/shynn12/medods/internal/app/apiserver.(*APIServer).Start()" file="apiserver.go:83"
time="2024-08-16T01:15:41+03:00" level=info msg="starting API server" func="github.com/shynn12/medods/internal/app/apiserver.(*APIServer).Start()" file="apiserver.go:86"
time="2024-08-16T01:15:47+03:00" level=info msg="new IP detected" func="github.com/shynn12/medods/internal/app/apiserver.(*APIServer).handleRefresh()" file="apiserver.go:221"
time="2024-08-16T01:16:07+03:00" level=info msg="new IP detected" func="github.com/shynn12/medods/internal/app/apiserver.(*APIServer).handleRefresh()" file="apiserver.go:221"
time="2024-08-16T01:17:05+03:00" level=info msg="&{debug { 0.0.0.0 10000} {postgres://postgres:psql@localhost:5432/medods1} {15m0s 720h0m0s} medods}" func="github.com/shynn12/medods/internal/app/apiserver.(*APIServer).Start()" file="apiserver.go:49"
time="2024-08-16T01:17:05+03:00" level=info msg="configurating Router" func="github.com/shynn12/medods/internal/app/apiserver.(*APIServer).Start()" file="apiserver.go:51"
time="2024-08-16T01:17:05+03:00" level=info msg="configurating DB" func="github.com/shynn12/medods/internal/app/apiserver.(*APIServer).Start()" file="apiserver.go:54"
time="2024-08-16T01:17:05+03:00" level=info msg="configurate JWT" func="github.com/shynn12/medods/internal/app/apiserver.(*APIServer).Start()" file="apiserver.go:76"
time="2024-08-16T01:17:05+03:00" level=info msg="configurate sender" func="github.com/shynn12/medods/internal/app/apiserver.(*APIServer).Start()" file="apiserver.go:83"
time="2024-08-16T01:17:05+03:00" level=info msg="starting API server" func="github.com/shynn12/medods/internal/app/apiserver.(*APIServer).Start()" file="apiserver.go:86"
time="2024-08-16T01:17:21+03:00" level=error msg="wrong refresh token: crypto/bcrypt: hashedPassword is not the hash of the given password" func="github.com/shynn12/medods/internal/app/apiserver.(*APIServer).handleRefresh()" file="apiserver.go:215"
time="2024-08-16T01:17:25+03:00" level=info msg="new IP detected: [::1]:62485" func="github.com/shynn12/medods/internal/app/apiserver.(*APIServer).handleRefresh()" file="apiserver.go:221"
time="2024-08-16T01:20:39+03:00" level=info msg="&{debug { 0.0.0.0 10000} {postgres://postgres:psql@localhost:5432/medods1} {15m0s 720h0m0s} medods}" func="github.com/shynn12/medods/internal/app/apiserver.(*APIServer).Start()" file="apiserver.go:49"
time="2024-08-16T01:20:39+03:00" level=info msg="configurating Router" func="github.com/shynn12/medods/internal/app/apiserver.(*APIServer).Start()" file="apiserver.go:51"
time="2024-08-16T01:20:39+03:00" level=info msg="configurating DB" func="github.com/shynn12/medods/internal/app/apiserver.(*APIServer).Start()" file="apiserver.go:54"
time="2024-08-16T01:20:39+03:00" level=info msg="configurate JWT" func="github.com/shynn12/medods/internal/app/apiserver.(*APIServer).Start()" file="apiserver.go:76"
time="2024-08-16T01:20:39+03:00" level=info msg="configurate sender" func="github.com/shynn12/medods/internal/app/apiserver.(*APIServer).Start()" file="apiserver.go:83"
time="2024-08-16T01:20:39+03:00" level=info msg="starting API server" func="github.com/shynn12/medods/internal/app/apiserver.(*APIServer).Start()" file="apiserver.go:86"
time="2024-08-16T01:20:44+03:00" level=error msg="wrong refresh token: crypto/bcrypt: hashedPassword is not the hash of the given password" func="github.com/shynn12/medods/internal/app/apiserver.(*APIServer).handleRefresh()" file="apiserver.go:215"
time="2024-08-16T01:21:13+03:00" level=error msg="wrong refresh token: crypto/bcrypt: hashedPassword is not the hash of the given password" func="github.com/shynn12/medods/internal/app/apiserver.(*APIServer).handleRefresh()" file="apiserver.go:215"
time="2024-08-16T01:24:20+03:00" level=info msg="&{debug { 0.0.0.0 10000} {postgres://postgres:psql@localhost:5432/medods1} {15m0s 720h0m0s} medods}" func="github.com/shynn12/medods/internal/app/apiserver.(*APIServer).Start()" file="apiserver.go:49"
time="2024-08-16T01:24:20+03:00" level=info msg="configurating Router" func="github.com/shynn12/medods/internal/app/apiserver.(*APIServer).Start()" file="apiserver.go:51"
time="2024-08-16T01:24:20+03:00" level=info msg="configurating DB" func="github.com/shynn12/medods/internal/app/apiserver.(*APIServer).Start()" file="apiserver.go:54"
time="2024-08-16T01:24:20+03:00" level=info msg="configurate JWT" func="github.com/shynn12/medods/internal/app/apiserver.(*APIServer).Start()" file="apiserver.go:76"
time="2024-08-16T01:24:20+03:00" level=info msg="configurate sender" func="github.com/shynn12/medods/internal/app/apiserver.(*APIServer).Start()" file="apiserver.go:83"
time="2024-08-16T01:24:20+03:00" level=info msg="starting API server" func="github.com/shynn12/medods/internal/app/apiserver.(*APIServer).Start()" file="apiserver.go:86"
time="2024-08-16T01:26:39+03:00" level=error msg="illegal base64 data at input byte 85" func="github.com/shynn12/medods/internal/app/apiserver.(*APIServer).handleRefresh()" file="apiserver.go:194"
time="2024-08-16T01:26:56+03:00" level=error msg="signature is invalid" func="github.com/shynn12/medods/internal/app/apiserver.(*APIServer).handleRefresh()" file="apiserver.go:194"
time="2024-08-16T01:27:10+03:00" level=error msg="invalid character '\\x06' in string literal" func="github.com/shynn12/medods/internal/app/apiserver.(*APIServer).handleRefresh()" file="apiserver.go:194"
time="2024-08-16T01:28:58+03:00" level=error msg="wrong refresh token: crypto/bcrypt: hashedPassword is not the hash of the given password" func="github.com/shynn12/medods/internal/app/apiserver.(*APIServer).handleRefresh()" file="apiserver.go:215"
